{"/home/franciscpd/Projects/react-bookmark/src/store/modules/bookmarks/actions.js": {"path":"/home/franciscpd/Projects/react-bookmark/src/store/modules/bookmarks/actions.js","statementMap":{"0":{"start":{"line":1,"column":27},"end":{"line":4,"column":2}},"1":{"start":{"line":1,"column":40},"end":{"line":4,"column":1}},"2":{"start":{"line":6,"column":34},"end":{"line":9,"column":2}},"3":{"start":{"line":6,"column":47},"end":{"line":9,"column":1}},"4":{"start":{"line":11,"column":34},"end":{"line":13,"column":2}},"5":{"start":{"line":11,"column":41},"end":{"line":13,"column":1}},"6":{"start":{"line":15,"column":30},"end":{"line":18,"column":2}},"7":{"start":{"line":15,"column":37},"end":{"line":18,"column":1}},"8":{"start":{"line":20,"column":37},"end":{"line":23,"column":2}},"9":{"start":{"line":20,"column":51},"end":{"line":23,"column":1}},"10":{"start":{"line":25,"column":37},"end":{"line":27,"column":2}},"11":{"start":{"line":25,"column":44},"end":{"line":27,"column":1}},"12":{"start":{"line":29,"column":33},"end":{"line":33,"column":2}},"13":{"start":{"line":29,"column":47},"end":{"line":33,"column":1}},"14":{"start":{"line":35,"column":40},"end":{"line":38,"column":2}},"15":{"start":{"line":35,"column":54},"end":{"line":38,"column":1}},"16":{"start":{"line":40,"column":40},"end":{"line":42,"column":2}},"17":{"start":{"line":40,"column":47},"end":{"line":42,"column":1}},"18":{"start":{"line":44,"column":29},"end":{"line":46,"column":2}},"19":{"start":{"line":44,"column":36},"end":{"line":46,"column":1}},"20":{"start":{"line":48,"column":36},"end":{"line":51,"column":2}},"21":{"start":{"line":48,"column":50},"end":{"line":51,"column":1}},"22":{"start":{"line":53,"column":36},"end":{"line":55,"column":2}},"23":{"start":{"line":53,"column":43},"end":{"line":55,"column":1}}},"fnMap":{"0":{"name":"(anonymous_0)","decl":{"start":{"line":1,"column":27},"end":{"line":1,"column":28}},"loc":{"start":{"line":1,"column":40},"end":{"line":4,"column":1}},"line":1},"1":{"name":"(anonymous_1)","decl":{"start":{"line":6,"column":34},"end":{"line":6,"column":35}},"loc":{"start":{"line":6,"column":47},"end":{"line":9,"column":1}},"line":6},"2":{"name":"(anonymous_2)","decl":{"start":{"line":11,"column":34},"end":{"line":11,"column":35}},"loc":{"start":{"line":11,"column":41},"end":{"line":13,"column":1}},"line":11},"3":{"name":"(anonymous_3)","decl":{"start":{"line":15,"column":30},"end":{"line":15,"column":31}},"loc":{"start":{"line":15,"column":37},"end":{"line":18,"column":1}},"line":15},"4":{"name":"(anonymous_4)","decl":{"start":{"line":20,"column":37},"end":{"line":20,"column":38}},"loc":{"start":{"line":20,"column":51},"end":{"line":23,"column":1}},"line":20},"5":{"name":"(anonymous_5)","decl":{"start":{"line":25,"column":37},"end":{"line":25,"column":38}},"loc":{"start":{"line":25,"column":44},"end":{"line":27,"column":1}},"line":25},"6":{"name":"(anonymous_6)","decl":{"start":{"line":29,"column":33},"end":{"line":29,"column":34}},"loc":{"start":{"line":29,"column":47},"end":{"line":33,"column":1}},"line":29},"7":{"name":"(anonymous_7)","decl":{"start":{"line":35,"column":40},"end":{"line":35,"column":41}},"loc":{"start":{"line":35,"column":54},"end":{"line":38,"column":1}},"line":35},"8":{"name":"(anonymous_8)","decl":{"start":{"line":40,"column":40},"end":{"line":40,"column":41}},"loc":{"start":{"line":40,"column":47},"end":{"line":42,"column":1}},"line":40},"9":{"name":"(anonymous_9)","decl":{"start":{"line":44,"column":29},"end":{"line":44,"column":30}},"loc":{"start":{"line":44,"column":36},"end":{"line":46,"column":1}},"line":44},"10":{"name":"(anonymous_10)","decl":{"start":{"line":48,"column":36},"end":{"line":48,"column":37}},"loc":{"start":{"line":48,"column":50},"end":{"line":51,"column":1}},"line":48},"11":{"name":"(anonymous_11)","decl":{"start":{"line":53,"column":36},"end":{"line":53,"column":37}},"loc":{"start":{"line":53,"column":43},"end":{"line":55,"column":1}},"line":53}},"branchMap":{},"s":{"0":2,"1":0,"2":2,"3":8,"4":2,"5":0,"6":2,"7":0,"8":2,"9":2,"10":2,"11":0,"12":2,"13":0,"14":2,"15":2,"16":2,"17":0,"18":2,"19":0,"20":2,"21":3,"22":2,"23":0},"f":{"0":0,"1":8,"2":0,"3":0,"4":2,"5":0,"6":0,"7":2,"8":0,"9":0,"10":3,"11":0},"b":{},"_coverageSchema":"43e27e138ebf9cfc5966b082cf9a028302ed4184","hash":"ee53265befc534871509d696a722deaee3e841d5"}
,"/home/franciscpd/Projects/react-bookmark/src/store/modules/bookmarks/reducer.js": {"path":"/home/franciscpd/Projects/react-bookmark/src/store/modules/bookmarks/reducer.js","statementMap":{"0":{"start":{"line":3,"column":29},"end":{"line":3,"column":31}},"1":{"start":{"line":6,"column":2},"end":{"line":19,"column":5}},"2":{"start":{"line":7,"column":4},"end":{"line":16,"column":5}},"3":{"start":{"line":9,"column":8},"end":{"line":9,"column":44}},"4":{"start":{"line":10,"column":8},"end":{"line":10,"column":14}},"5":{"start":{"line":14,"column":8},"end":{"line":14,"column":40}},"6":{"start":{"line":18,"column":4},"end":{"line":18,"column":17}}},"fnMap":{"0":{"name":"bookmarks","decl":{"start":{"line":5,"column":24},"end":{"line":5,"column":33}},"loc":{"start":{"line":5,"column":65},"end":{"line":20,"column":1}},"line":5},"1":{"name":"(anonymous_1)","decl":{"start":{"line":6,"column":24},"end":{"line":6,"column":25}},"loc":{"start":{"line":6,"column":35},"end":{"line":19,"column":3}},"line":6}},"branchMap":{"0":{"loc":{"start":{"line":5,"column":34},"end":{"line":5,"column":55}},"type":"default-arg","locations":[{"start":{"line":5,"column":42},"end":{"line":5,"column":55}}],"line":5},"1":{"loc":{"start":{"line":7,"column":4},"end":{"line":16,"column":5}},"type":"switch","locations":[{"start":{"line":8,"column":6},"end":{"line":10,"column":14}},{"start":{"line":11,"column":6},"end":{"line":11,"column":36}},{"start":{"line":12,"column":6},"end":{"line":12,"column":37}},{"start":{"line":13,"column":6},"end":{"line":14,"column":40}},{"start":{"line":15,"column":6},"end":{"line":15,"column":14}}],"line":7}},"s":{"0":1,"1":2,"2":2,"3":1,"4":1,"5":1,"6":1},"f":{"0":2,"1":2},"b":{"0":[0],"1":[1,1,1,1,0]},"_coverageSchema":"43e27e138ebf9cfc5966b082cf9a028302ed4184","hash":"17ea3aa044e5d4bbcf4d6b25a9413a3d04b5a25c"}
,"/home/franciscpd/Projects/react-bookmark/src/store/modules/bookmarks/sagas.js": {"path":"/home/franciscpd/Projects/react-bookmark/src/store/modules/bookmarks/sagas.js","statementMap":{"0":{"start":{"line":16,"column":2},"end":{"line":21,"column":3}},"1":{"start":{"line":17,"column":22},"end":{"line":17,"column":91}},"2":{"start":{"line":17,"column":39},"end":{"line":17,"column":90}},"3":{"start":{"line":18,"column":4},"end":{"line":18,"column":47}},"4":{"start":{"line":20,"column":4},"end":{"line":20,"column":38}},"5":{"start":{"line":25,"column":2},"end":{"line":33,"column":3}},"6":{"start":{"line":26,"column":22},"end":{"line":26,"column":91}},"7":{"start":{"line":26,"column":39},"end":{"line":26,"column":90}},"8":{"start":{"line":27,"column":4},"end":{"line":27,"column":57}},"9":{"start":{"line":28,"column":4},"end":{"line":28,"column":29}},"10":{"start":{"line":29,"column":4},"end":{"line":29,"column":65}},"11":{"start":{"line":30,"column":4},"end":{"line":30,"column":44}},"12":{"start":{"line":32,"column":4},"end":{"line":32,"column":36}},"13":{"start":{"line":37,"column":2},"end":{"line":47,"column":3}},"14":{"start":{"line":38,"column":22},"end":{"line":38,"column":91}},"15":{"start":{"line":38,"column":39},"end":{"line":38,"column":90}},"16":{"start":{"line":39,"column":26},"end":{"line":39,"column":62}},"17":{"start":{"line":39,"column":45},"end":{"line":39,"column":49}},"18":{"start":{"line":40,"column":4},"end":{"line":42,"column":5}},"19":{"start":{"line":41,"column":6},"end":{"line":41,"column":41}},"20":{"start":{"line":43,"column":4},"end":{"line":43,"column":65}},"21":{"start":{"line":44,"column":4},"end":{"line":44,"column":48}},"22":{"start":{"line":46,"column":4},"end":{"line":46,"column":39}},"23":{"start":{"line":51,"column":2},"end":{"line":62,"column":3}},"24":{"start":{"line":52,"column":22},"end":{"line":52,"column":91}},"25":{"start":{"line":52,"column":39},"end":{"line":52,"column":90}},"26":{"start":{"line":53,"column":26},"end":{"line":53,"column":62}},"27":{"start":{"line":53,"column":45},"end":{"line":53,"column":49}},"28":{"start":{"line":54,"column":4},"end":{"line":57,"column":5}},"29":{"start":{"line":55,"column":23},"end":{"line":55,"column":65}},"30":{"start":{"line":56,"column":6},"end":{"line":56,"column":56}},"31":{"start":{"line":58,"column":4},"end":{"line":58,"column":65}},"32":{"start":{"line":59,"column":4},"end":{"line":59,"column":51}},"33":{"start":{"line":61,"column":4},"end":{"line":61,"column":42}}},"fnMap":{"0":{"name":"loadBookmarks","decl":{"start":{"line":15,"column":17},"end":{"line":15,"column":30}},"loc":{"start":{"line":15,"column":33},"end":{"line":22,"column":1}},"line":15},"1":{"name":"(anonymous_1)","decl":{"start":{"line":17,"column":33},"end":{"line":17,"column":34}},"loc":{"start":{"line":17,"column":39},"end":{"line":17,"column":90}},"line":17},"2":{"name":"addBookmark","decl":{"start":{"line":24,"column":17},"end":{"line":24,"column":28}},"loc":{"start":{"line":24,"column":43},"end":{"line":34,"column":1}},"line":24},"3":{"name":"(anonymous_3)","decl":{"start":{"line":26,"column":33},"end":{"line":26,"column":34}},"loc":{"start":{"line":26,"column":39},"end":{"line":26,"column":90}},"line":26},"4":{"name":"removeBookmark","decl":{"start":{"line":36,"column":17},"end":{"line":36,"column":31}},"loc":{"start":{"line":36,"column":40},"end":{"line":48,"column":1}},"line":36},"5":{"name":"(anonymous_5)","decl":{"start":{"line":38,"column":33},"end":{"line":38,"column":34}},"loc":{"start":{"line":38,"column":39},"end":{"line":38,"column":90}},"line":38},"6":{"name":"(anonymous_6)","decl":{"start":{"line":39,"column":40},"end":{"line":39,"column":41}},"loc":{"start":{"line":39,"column":45},"end":{"line":39,"column":49}},"line":39},"7":{"name":"removeBookmarkTag","decl":{"start":{"line":50,"column":17},"end":{"line":50,"column":34}},"loc":{"start":{"line":50,"column":48},"end":{"line":63,"column":1}},"line":50},"8":{"name":"(anonymous_8)","decl":{"start":{"line":52,"column":33},"end":{"line":52,"column":34}},"loc":{"start":{"line":52,"column":39},"end":{"line":52,"column":90}},"line":52},"9":{"name":"(anonymous_9)","decl":{"start":{"line":53,"column":40},"end":{"line":53,"column":41}},"loc":{"start":{"line":53,"column":45},"end":{"line":53,"column":49}},"line":53}},"branchMap":{"0":{"loc":{"start":{"line":17,"column":39},"end":{"line":17,"column":90}},"type":"binary-expr","locations":[{"start":{"line":17,"column":39},"end":{"line":17,"column":84}},{"start":{"line":17,"column":88},"end":{"line":17,"column":90}}],"line":17},"1":{"loc":{"start":{"line":26,"column":39},"end":{"line":26,"column":90}},"type":"binary-expr","locations":[{"start":{"line":26,"column":39},"end":{"line":26,"column":84}},{"start":{"line":26,"column":88},"end":{"line":26,"column":90}}],"line":26},"2":{"loc":{"start":{"line":38,"column":39},"end":{"line":38,"column":90}},"type":"binary-expr","locations":[{"start":{"line":38,"column":39},"end":{"line":38,"column":84}},{"start":{"line":38,"column":88},"end":{"line":38,"column":90}}],"line":38},"3":{"loc":{"start":{"line":40,"column":4},"end":{"line":42,"column":5}},"type":"if","locations":[{"start":{"line":40,"column":4},"end":{"line":42,"column":5}},{"start":{"line":40,"column":4},"end":{"line":42,"column":5}}],"line":40},"4":{"loc":{"start":{"line":52,"column":39},"end":{"line":52,"column":90}},"type":"binary-expr","locations":[{"start":{"line":52,"column":39},"end":{"line":52,"column":84}},{"start":{"line":52,"column":88},"end":{"line":52,"column":90}}],"line":52},"5":{"loc":{"start":{"line":54,"column":4},"end":{"line":57,"column":5}},"type":"if","locations":[{"start":{"line":54,"column":4},"end":{"line":57,"column":5}},{"start":{"line":54,"column":4},"end":{"line":57,"column":5}}],"line":54}},"s":{"0":1,"1":1,"2":1,"3":1,"4":0,"5":6,"6":6,"7":6,"8":6,"9":6,"10":6,"11":6,"12":0,"13":1,"14":1,"15":1,"16":1,"17":2,"18":1,"19":1,"20":1,"21":1,"22":0,"23":1,"24":1,"25":1,"26":1,"27":1,"28":1,"29":1,"30":1,"31":1,"32":1,"33":0},"f":{"0":1,"1":1,"2":6,"3":6,"4":1,"5":1,"6":2,"7":1,"8":1,"9":1},"b":{"0":[1,0],"1":[6,4],"2":[1,0],"3":[1,0],"4":[1,0],"5":[1,0]},"_coverageSchema":"43e27e138ebf9cfc5966b082cf9a028302ed4184","hash":"931de4fe2315f43e2bbaefb9d7f2685be69e78e1"}
}
