TN:
SF:/home/franciscpd/Projects/react-bookmark/src/store/modules/bookmarks/actions.js
FN:1,(anonymous_0)
FN:6,(anonymous_1)
FN:11,(anonymous_2)
FN:15,(anonymous_3)
FN:20,(anonymous_4)
FN:25,(anonymous_5)
FN:29,(anonymous_6)
FN:34,(anonymous_7)
FN:39,(anonymous_8)
FN:43,(anonymous_9)
FN:47,(anonymous_10)
FN:52,(anonymous_11)
FNF:12
FNH:4
FNDA:0,(anonymous_0)
FNDA:8,(anonymous_1)
FNDA:0,(anonymous_2)
FNDA:0,(anonymous_3)
FNDA:2,(anonymous_4)
FNDA:0,(anonymous_5)
FNDA:0,(anonymous_6)
FNDA:2,(anonymous_7)
FNDA:0,(anonymous_8)
FNDA:0,(anonymous_9)
FNDA:3,(anonymous_10)
FNDA:0,(anonymous_11)
DA:1,2
DA:6,8
DA:11,2
DA:15,2
DA:20,2
DA:25,2
DA:29,2
DA:34,2
DA:39,2
DA:43,2
DA:47,3
DA:52,2
LF:12
LH:12
BRF:0
BRH:0
end_of_record
TN:
SF:/home/franciscpd/Projects/react-bookmark/src/store/modules/bookmarks/reducer.js
FN:5,bookmarks
FN:6,(anonymous_1)
FNF:2
FNH:2
FNDA:2,bookmarks
FNDA:2,(anonymous_1)
DA:3,1
DA:6,2
DA:7,2
DA:9,1
DA:10,1
DA:14,1
DA:18,1
LF:7
LH:7
BRDA:5,0,0,0
BRDA:7,1,0,1
BRDA:7,1,1,1
BRDA:7,1,2,1
BRDA:7,1,3,1
BRDA:7,1,4,0
BRF:6
BRH:4
end_of_record
TN:
SF:/home/franciscpd/Projects/react-bookmark/src/store/modules/bookmarks/sagas.js
FN:15,loadBookmarks
FN:17,(anonymous_1)
FN:24,addBookmark
FN:26,(anonymous_3)
FN:36,removeBookmark
FN:38,(anonymous_5)
FN:39,(anonymous_6)
FN:50,removeBookmarkTag
FN:52,(anonymous_8)
FN:53,(anonymous_9)
FNF:10
FNH:10
FNDA:1,loadBookmarks
FNDA:1,(anonymous_1)
FNDA:6,addBookmark
FNDA:6,(anonymous_3)
FNDA:1,removeBookmark
FNDA:1,(anonymous_5)
FNDA:2,(anonymous_6)
FNDA:1,removeBookmarkTag
FNDA:1,(anonymous_8)
FNDA:1,(anonymous_9)
DA:16,1
DA:17,1
DA:18,1
DA:20,0
DA:25,6
DA:26,6
DA:27,6
DA:28,6
DA:29,6
DA:30,6
DA:32,0
DA:37,1
DA:38,1
DA:39,2
DA:40,1
DA:41,1
DA:43,1
DA:44,1
DA:46,0
DA:51,1
DA:52,1
DA:53,1
DA:54,1
DA:55,1
DA:56,1
DA:58,1
DA:59,1
DA:61,0
LF:28
LH:24
BRDA:17,0,0,1
BRDA:17,0,1,0
BRDA:26,1,0,6
BRDA:26,1,1,4
BRDA:38,2,0,1
BRDA:38,2,1,0
BRDA:40,3,0,1
BRDA:40,3,1,0
BRDA:52,4,0,1
BRDA:52,4,1,0
BRDA:54,5,0,1
BRDA:54,5,1,0
BRF:12
BRH:7
end_of_record
